(int, TYPEINT)
(f1, IDENTIFIER)
((, LP)
(int, TYPEINT)
(m, IDENTIFIER)
(,, COMMA)
(int, TYPEINT)
(n, IDENTIFIER)
(,, COMMA)
(int, TYPEINT)
(l, IDENTIFIER)
(), RP)

({, LC)

(int, TYPEINT)
(a, IDENTIFIER)
(,, COMMA)
(b, IDENTIFIER)
(=, ASSIGN)
(0, INT)
(;, SEMI)

(int, TYPEINT)
(c, IDENTIFIER)
([, LB)
(3, INT)
(], RB)
(=, ASSIGN)
([, LB)
(1, INT)
(,, COMMA)
(2, INT)
(,, COMMA)
(3, INT)
(], RB)
(;, SEMI)
(//增加数组, LINECOMMENT)

(char, TYPECHAR)
(d, IDENTIFIER)
(=, ASSIGN)
('h', CHAR)
(;, SEMI)
(//增加字符型, LINECOMMENT)

(c, IDENTIFIER)
([, LB)
(1, INT)
(], RB)
(=, ASSIGN)
(5, INT)
(;, SEMI)
(//增加[], LINECOMMENT)

(a, IDENTIFIER)
(++, PLUSPLUS)
(;, SEMI)
(//增加自增，自减, LINECOMMENT)

(b, IDENTIFIER)
(--, MINUSMINUS)
(;, SEMI)

(a, IDENTIFIER)
(+=, PLUSASSIGN)
(5, INT)
(;, SEMI)
(//增加x=, LINECOMMENT)

(return, RETURN)
(1.0, FLOAT)
(;, SEMI)

(}, RC)


(int, TYPEINT)
(f2, IDENTIFIER)
((, LP)
(), RP)

({, LC)

(int, TYPEINT)
(sum, IDENTIFIER)
(=, ASSIGN)
(0, INT)
(;, SEMI)

(for, FOR)
((, LP)
(int, TYPEINT)
(i, IDENTIFIER)
(=, ASSIGN)
(0, INT)
(;, SEMI)
(i, IDENTIFIER)
(<, RELOP)
(6, INT)
(;, SEMI)
(i, IDENTIFIER)
(++, PLUSPLUS)
(), RP)
(//增加for, LINECOMMENT)

({, LC)
(sum, IDENTIFIER)
(+=, PLUSASSIGN)
(i, IDENTIFIER)
(;, SEMI)
(}, RC)

(return, RETURN)
(sum, IDENTIFIER)
(;, SEMI)

(}, RC)


(int, TYPEINT)
(f3, IDENTIFIER)
((, LP)
(), RP)

({, LC)

(int, TYPEINT)
(x, IDENTIFIER)
(=, ASSIGN)
(f2, IDENTIFIER)
((, LP)
(), RP)
(;, SEMI)

(float, TYPEFLOAT)
(f, IDENTIFIER)
(=, ASSIGN)
(1.0, FLOAT)
(;, SEMI)

(return, RETURN)
(x, IDENTIFIER)
(;, SEMI)

(}, RC)
 函数定义：(1)
   类型： int
   函数名：f1
   函数形参：
      类型：int, 参数名：m
      类型：int, 参数名：n
      类型：int, 参数名：l
   复合语句：(1)
      复合语句的变量定义部分：
         局部变量定义：(1)
            类型： int
            变量名：
                   a
                   b ASSIGNOP
                     INT：0
         局部变量定义：(1)
            类型： int
            变量名：
                   c ASSIGNOP
                     第1个：
                       INT：1
                    第2个：
                       INT：2
                    第3个：
                       INT：3

         局部变量定义：(1)
            类型： char
            变量名：
                   d ASSIGNOP
                     CHAR: h
      复合语句的语句部分：
         表达式语句：(1)
            ASSIGN
               ID： c
               INT：5
         表达式语句：(1)
            RPPLUSPLUS
               ID： a
         表达式语句：(1)
            RPMINUSMINUS
               ID： b
         表达式语句：(1)
            PLUSASSIGN
               ID： a
               INT：5
         返回语句：(1)
            FLAOT：1.000000
 函数定义：(1)
   类型： int
   函数名：f2
      无参函数
   复合语句：(1)
      复合语句的变量定义部分：
         局部变量定义：(1)
            类型： int
            变量名：
                   sum ASSIGNOP
                       INT：0
      复合语句的语句部分：
         For(循环)：(1)
            循环条件：
                     循环初始语句(1)
                        类型： int
                        变量名：
                               i ASSIGNOP
                                 INT：0
                     循环条件语句(1)
                        <
                           ID： i
                           INT：6
                     循环结束条件(1)
                        RPPLUSPLUS
                           ID： i
            循环体：(1)
               复合语句：(1)
                  复合语句的变量定义部分：
                  复合语句的语句部分：
                     表达式语句：(1)
                        PLUSASSIGN
                           ID： sum
                           ID： i
         返回语句：(1)
            ID： sum
 函数定义：(1)
   类型： int
   函数名：f3
      无参函数
   复合语句：(1)
      复合语句的变量定义部分：
         局部变量定义：(1)
            类型： int
            变量名：
                   x ASSIGNOP
                     函数调用：(1)
                       函数名：f2
         局部变量定义：(1)
            类型： float
            变量名：
                   f ASSIGNOP
                     FLAOT：1.000000
      复合语句的语句部分：
         返回语句：(1)
            ID： x
-------------------------------------------------------------------------------------------------
|                                       Symbol Table                                            |
-------------------------------------------------------------------------------------------------
|	变量名	|	别名	|	层号	|	类型	|	标记	|	偏移量	|
-------------------------------------------------------------------------------------------------
|	read	|		|	0	|	int	|	F	|	4	|
|	write	|		|	0	|	int	|	F	|	4	|
|	f1	|	v1	|	0	|	int	|	F	|	0	|
|	m	|	v2	|	1	|	int	|	P	|	12	|
|	n	|	v3	|	1	|	int	|	P	|	16	|
|	l	|	v4	|	1	|	int	|	P	|	20	|
|	a	|	v5	|	1	|	int	|	V	|	24	|
|	b	|	v6	|	1	|	int	|	V	|	28	|
|		|	temp1	|	1	|	int	|	T	|	32	|
|	c	|	v7	|	1	|	int	|	V	|	36	|
|		|	temp2	|	1	|	int	|	T	|	40	|
|		|	temp3	|	1	|	int	|	T	|	44	|
|		|	temp4	|	1	|	int	|	T	|	48	|
|	d	|	v8	|	1	|	char	|	V	|	52	|
|		|	temp5	|	1	|	char	|	T	|	53	|
|		|	temp6	|	1	|	int	|	T	|	54	|
|		|	temp7	|	1	|	int	|	T	|	54	|
|		|	temp8	|	1	|	float	|	T	|	54	|
-------------------------------------------------------------------------------------------------
-------------------------------------------------------------------------------------------------
|                                       Symbol Table                                            |
-------------------------------------------------------------------------------------------------
|	变量名	|	别名	|	层号	|	类型	|	标记	|	偏移量	|
-------------------------------------------------------------------------------------------------
|	read	|		|	0	|	int	|	F	|	4	|
|	write	|		|	0	|	int	|	F	|	4	|
|	f1	|	v1	|	0	|	int	|	F	|	62	|
|	m	|	v2	|	1	|	int	|	P	|	12	|
|	n	|	v3	|	1	|	int	|	P	|	16	|
|	l	|	v4	|	1	|	int	|	P	|	20	|
|	f2	|	v9	|	0	|	int	|	F	|	0	|
|	sum	|	v10	|	1	|	int	|	V	|	12	|
|		|	temp9	|	1	|	int	|	T	|	16	|
|		|	temp10	|	2	|	int	|	T	|	0	|
-------------------------------------------------------------------------------------------------
-------------------------------------------------------------------------------------------------
|                                       Symbol Table                                            |
-------------------------------------------------------------------------------------------------
|	变量名	|	别名	|	层号	|	类型	|	标记	|	偏移量	|
-------------------------------------------------------------------------------------------------
|	read	|		|	0	|	int	|	F	|	4	|
|	write	|		|	0	|	int	|	F	|	4	|
|	f1	|	v1	|	0	|	int	|	F	|	62	|
|	m	|	v2	|	1	|	int	|	P	|	12	|
|	n	|	v3	|	1	|	int	|	P	|	16	|
|	l	|	v4	|	1	|	int	|	P	|	20	|
|	f2	|	v9	|	0	|	int	|	F	|	0	|
|	sum	|	v10	|	1	|	int	|	V	|	12	|
|		|	temp9	|	1	|	int	|	T	|	16	|
|		|	temp10	|	2	|	int	|	T	|	0	|
-------------------------------------------------------------------------------------------------
-------------------------------------------------------------------------------------------------
|                                       Symbol Table                                            |
-------------------------------------------------------------------------------------------------
|	变量名	|	别名	|	层号	|	类型	|	标记	|	偏移量	|
-------------------------------------------------------------------------------------------------
|	read	|		|	0	|	int	|	F	|	4	|
|	write	|		|	0	|	int	|	F	|	4	|
|	f1	|	v1	|	0	|	int	|	F	|	62	|
|	m	|	v2	|	1	|	int	|	P	|	12	|
|	n	|	v3	|	1	|	int	|	P	|	16	|
|	l	|	v4	|	1	|	int	|	P	|	20	|
|	f2	|	v9	|	0	|	int	|	F	|	20	|
|	f3	|	v11	|	1	|	int	|	F	|	0	|
|	x	|	v12	|	2	|	int	|	V	|	12	|
|		|	temp11	|	2	|	int	|	T	|	12	|
|	f	|	v13	|	2	|	float	|	V	|	16	|
|		|	temp12	|	2	|	float	|	T	|	24	|
-------------------------------------------------------------------------------------------------
